0 info it worked if it ends with ok
1 verbose cli [ '/Users/juliojaramillo/.nvm/versions/node/v5.3.0/bin/node',
1 verbose cli   '/Users/juliojaramillo/.nvm/versions/node/v5.3.0/bin/npm',
1 verbose cli   'start' ]
2 info using npm@3.3.12
3 info using node@v5.3.0
4 verbose run-script [ 'prestart', 'start', 'poststart' ]
5 info lifecycle cMind@1.0.0~prestart: cMind@1.0.0
6 silly lifecycle cMind@1.0.0~prestart: no script for prestart, continuing
7 info lifecycle cMind@1.0.0~start: cMind@1.0.0
8 verbose lifecycle cMind@1.0.0~start: unsafe-perm in lifecycle true
9 verbose lifecycle cMind@1.0.0~start: PATH: /Users/juliojaramillo/.nvm/versions/node/v5.3.0/lib/node_modules/npm/bin/node-gyp-bin:/Users/juliojaramillo/Documents/cMind/node_modules/.bin:/Users/juliojaramillo/.nvm/versions/node/v5.3.0/bin:/Library/Frameworks/Python.framework/Versions/3.6/bin:/usr/local/bin:/usr/bin:/bin:/usr/sbin:/sbin:/Users/juliojaramillo/apache-maven-3.5.2/bin:/Users/juliojaramillo/Library/Android/sdk/tools:/Users/juliojaramillo/Library/Android/sdk/platform-tools
10 verbose lifecycle cMind@1.0.0~start: CWD: /Users/juliojaramillo/Documents/cMind
11 silly lifecycle cMind@1.0.0~start: Args: [ '-c', 'webpack-dev-server --config webpack.dev.js' ]
12 silly lifecycle cMind@1.0.0~start: Returned: code: 1  signal: null
13 info lifecycle cMind@1.0.0~start: Failed to exec start script
14 verbose stack Error: cMind@1.0.0 start: `webpack-dev-server --config webpack.dev.js`
14 verbose stack Exit status 1
14 verbose stack     at EventEmitter.<anonymous> (/Users/juliojaramillo/.nvm/versions/node/v5.3.0/lib/node_modules/npm/lib/utils/lifecycle.js:232:16)
14 verbose stack     at emitTwo (events.js:87:13)
14 verbose stack     at EventEmitter.emit (events.js:172:7)
14 verbose stack     at ChildProcess.<anonymous> (/Users/juliojaramillo/.nvm/versions/node/v5.3.0/lib/node_modules/npm/lib/utils/spawn.js:24:14)
14 verbose stack     at emitTwo (events.js:87:13)
14 verbose stack     at ChildProcess.emit (events.js:172:7)
14 verbose stack     at maybeClose (internal/child_process.js:818:16)
14 verbose stack     at Process.ChildProcess._handle.onexit (internal/child_process.js:211:5)
15 verbose pkgid cMind@1.0.0
16 verbose cwd /Users/juliojaramillo/Documents/cMind
17 error Darwin 17.5.0
18 error argv "/Users/juliojaramillo/.nvm/versions/node/v5.3.0/bin/node" "/Users/juliojaramillo/.nvm/versions/node/v5.3.0/bin/npm" "start"
19 error node v5.3.0
20 error npm  v3.3.12
21 error code ELIFECYCLE
22 error cMind@1.0.0 start: `webpack-dev-server --config webpack.dev.js`
22 error Exit status 1
23 error Failed at the cMind@1.0.0 start script 'webpack-dev-server --config webpack.dev.js'.
23 error Make sure you have the latest version of node.js and npm installed.
23 error If you do, this is most likely a problem with the cMind package,
23 error not with npm itself.
23 error Tell the author that this fails on your system:
23 error     webpack-dev-server --config webpack.dev.js
23 error You can get their info via:
23 error     npm owner ls cMind
23 error There is likely additional logging output above.
24 verbose exit [ 1, true ]
